/*C3*/SET SCHEMA PUBLIC
\u000a    drop table if exists adherent cascade 
\u000a    drop table if exists adherent_my_ingredients cascade 
\u000a    drop table if exists adherent_shopping_list cascade 
\u000a    drop table if exists comment cascade 
\u000a    drop table if exists discussion cascade 
\u000a    drop table if exists event cascade 
\u000a    drop table if exists event_participants cascade 
\u000a    drop table if exists ingredient cascade 
\u000a    drop table if exists ingredient_val_nut cascade 
\u000a    drop table if exists message cascade 
\u000a    drop table if exists recette cascade 
\u000a    drop table if exists recette_categories cascade 
\u000a    drop table if exists recette_etapes cascade 
\u000a    drop table if exists recette_ingredients cascade 
\u000a    create table adherent (\u000a        id_adh integer generated by default as identity (start with 1),\u000a        email varchar(255),\u000a        nom varchar(255),\u000a        password varchar(255),\u000a        prenom varchar(255),\u000a        primary key (id_adh)\u000a    )
\u000a    create table adherent_my_ingredients (\u000a        adherent_id integer not null,\u000a        ingredient_id integer not null\u000a    )
\u000a    create table adherent_shopping_list (\u000a        adherent_id integer not null,\u000a        ingredient_id integer not null\u000a    )
\u000a    create table comment (\u000a        auteur_id integer not null,\u000a        id_com integer generated by default as identity (start with 1),\u000a        recette_id integer not null,\u000a        content varchar(255),\u000a        primary key (id_com)\u000a    )
\u000a    create table discussion (\u000a        auteur_id integer not null,\u000a        id_disc integer generated by default as identity (start with 1),\u000a        question varchar(255),\u000a        titre varchar(255),\u000a        primary key (id_disc)\u000a    )
\u000a    create table event (\u000a        auteur_id integer not null,\u000a        id integer generated by default as identity (start with 1),\u000a        date timestamp(6),\u000a        description varchar(255),\u000a        lieu varchar(255),\u000a        titre varchar(255),\u000a        primary key (id)\u000a    )
\u000a    create table event_participants (\u000a        adherent_id integer not null,\u000a        event_id integer not null\u000a    )
\u000a    create table ingredient (\u000a        calories integer not null,\u000a        id_ing integer generated by default as identity (start with 1),\u000a        nom varchar(255),\u000a        primary key (id_ing)\u000a    )
\u000a    create table ingredient_val_nut (\u000a        ingredient_id_ing integer not null,\u000a        val_nut integer\u000a    )
\u000a    create table message (\u000a        auteur_id integer not null,\u000a        discussion_id integer not null,\u000a        id_msg integer generated by default as identity (start with 1),\u000a        content varchar(255),\u000a        primary key (id_msg)\u000a    )
\u000a    create table recette (\u000a        auteur_id integer not null,\u000a        id_rec integer generated by default as identity (start with 1),\u000a        nom varchar(255),\u000a        photo varchar(255),\u000a        primary key (id_rec)\u000a    )
\u000a    create table recette_categories (\u000a        recette_id_rec integer not null,\u000a        categories varchar(255)\u000a    )
\u000a    create table recette_etapes (\u000a        recette_id_rec integer not null,\u000a        etapes varchar(255)\u000a    )
\u000a    create table recette_ingredients (\u000a        ingredient_id integer not null,\u000a        recette_id integer not null\u000a    )
\u000a    alter table adherent_my_ingredients \u000a       add constraint FKo4g5l5sa4i0m5l9k8tbn459ti \u000a       foreign key (ingredient_id) \u000a       references ingredient
\u000a    alter table adherent_my_ingredients \u000a       add constraint FKspl0624yektdll6e5b7ece7fm \u000a       foreign key (adherent_id) \u000a       references adherent
\u000a    alter table adherent_shopping_list \u000a       add constraint FK71hxj2jou5b9kkf7tow26uqye \u000a       foreign key (ingredient_id) \u000a       references ingredient
\u000a    alter table adherent_shopping_list \u000a       add constraint FKrh39pw3kvgjbqi7bl7c7h6d0s \u000a       foreign key (adherent_id) \u000a       references adherent
\u000a    alter table comment \u000a       add constraint FK95ohk1jcu4hdprq2ylk3wvek0 \u000a       foreign key (auteur_id) \u000a       references adherent
\u000a    alter table comment \u000a       add constraint FKqd34j4uy105mc49dllp9q9pri \u000a       foreign key (recette_id) \u000a       references recette
\u000a    alter table discussion \u000a       add constraint FKqe1h9ds9ep26glgv679ca3nt1 \u000a       foreign key (auteur_id) \u000a       references adherent
\u000a    alter table event \u000a       add constraint FK6hrjv8j9865q3a61xsqais4fw \u000a       foreign key (auteur_id) \u000a       references adherent
\u000a    alter table event_participants \u000a       add constraint FKpyorefbcs2xksthci6ll8t6o5 \u000a       foreign key (adherent_id) \u000a       references adherent
\u000a    alter table event_participants \u000a       add constraint FK5232w1ta0icpkemgsxyw8a976 \u000a       foreign key (event_id) \u000a       references event
\u000a    alter table ingredient_val_nut \u000a       add constraint FK2vfnjhq5fmkbrvsheenom5gql \u000a       foreign key (ingredient_id_ing) \u000a       references ingredient
\u000a    alter table message \u000a       add constraint FKgxee5skgbyiubghdm7kl0uwcx \u000a       foreign key (auteur_id) \u000a       references adherent
\u000a    alter table message \u000a       add constraint FK3nr1t44itdoagqs1w2bo21ho7 \u000a       foreign key (discussion_id) \u000a       references discussion
\u000a    alter table recette \u000a       add constraint FKk7knhixq3ytr6d6qlhx0xu91j \u000a       foreign key (auteur_id) \u000a       references adherent
\u000a    alter table recette_categories \u000a       add constraint FKr1u637vqprjempxfg0wdggesl \u000a       foreign key (recette_id_rec) \u000a       references recette
\u000a    alter table recette_etapes \u000a       add constraint FK60lhnjbk43l4ci1901ps7de36 \u000a       foreign key (recette_id_rec) \u000a       references recette
\u000a    alter table recette_ingredients \u000a       add constraint FK7gixbmj2cueo0dp3ereafntbi \u000a       foreign key (ingredient_id) \u000a       references ingredient
\u000a    alter table recette_ingredients \u000a       add constraint FKgfbe0srm3jsa2ydgxiwrmq5wg \u000a       foreign key (recette_id) \u000a       references recette
\u000a    drop table if exists adherent cascade 
\u000a    drop table if exists adherent_my_ingredients cascade 
\u000a    drop table if exists adherent_shopping_list cascade 
\u000a    drop table if exists comment cascade 
\u000a    drop table if exists discussion cascade 
\u000a    drop table if exists event cascade 
\u000a    drop table if exists event_participants cascade 
\u000a    drop table if exists ingredient cascade 
\u000a    drop table if exists ingredient_val_nut cascade 
\u000a    drop table if exists message cascade 
\u000a    drop table if exists recette cascade 
\u000a    drop table if exists recette_categories cascade 
\u000a    drop table if exists recette_etapes cascade 
\u000a    drop table if exists recette_ingredients cascade 
DISCONNECT
/*C4*/SET SCHEMA PUBLIC
DISCONNECT
/*C5*/SET SCHEMA PUBLIC
DISCONNECT
/*C6*/SET SCHEMA PUBLIC
DISCONNECT
/*C7*/SET SCHEMA PUBLIC
DISCONNECT
/*C8*/SET SCHEMA PUBLIC
DISCONNECT
/*C9*/SET SCHEMA PUBLIC
DISCONNECT
/*C10*/SET SCHEMA PUBLIC
DISCONNECT
/*C11*/SET SCHEMA PUBLIC
DISCONNECT
/*C12*/SET SCHEMA PUBLIC
DISCONNECT
/*C13*/SET SCHEMA PUBLIC
\u000a    drop table if exists adherent cascade 
\u000a    drop table if exists adherent_my_ingredients cascade 
\u000a    drop table if exists adherent_shopping_list cascade 
\u000a    drop table if exists comment cascade 
\u000a    drop table if exists discussion cascade 
\u000a    drop table if exists event cascade 
\u000a    drop table if exists event_participants cascade 
\u000a    drop table if exists ingredient cascade 
\u000a    drop table if exists ingredient_val_nut cascade 
\u000a    drop table if exists message cascade 
\u000a    drop table if exists recette cascade 
\u000a    drop table if exists recette_categories cascade 
\u000a    drop table if exists recette_etapes cascade 
\u000a    drop table if exists recette_ingredients cascade 
\u000a    create table adherent (\u000a        id_adh integer generated by default as identity (start with 1),\u000a        email varchar(255),\u000a        nom varchar(255),\u000a        password varchar(255),\u000a        prenom varchar(255),\u000a        primary key (id_adh)\u000a    )
\u000a    create table adherent_my_ingredients (\u000a        adherent_id integer not null,\u000a        ingredient_id integer not null\u000a    )
\u000a    create table adherent_shopping_list (\u000a        adherent_id integer not null,\u000a        ingredient_id integer not null\u000a    )
\u000a    create table comment (\u000a        auteur_id integer not null,\u000a        id_com integer generated by default as identity (start with 1),\u000a        recette_id integer not null,\u000a        content varchar(255),\u000a        primary key (id_com)\u000a    )
\u000a    create table discussion (\u000a        auteur_id integer not null,\u000a        id_disc integer generated by default as identity (start with 1),\u000a        question varchar(255),\u000a        titre varchar(255),\u000a        primary key (id_disc)\u000a    )
\u000a    create table event (\u000a        auteur_id integer not null,\u000a        id integer generated by default as identity (start with 1),\u000a        date timestamp(6),\u000a        description varchar(255),\u000a        lieu varchar(255),\u000a        titre varchar(255),\u000a        primary key (id)\u000a    )
\u000a    create table event_participants (\u000a        adherent_id integer not null,\u000a        event_id integer not null\u000a    )
\u000a    create table ingredient (\u000a        calories integer not null,\u000a        id_ing integer generated by default as identity (start with 1),\u000a        nom varchar(255),\u000a        primary key (id_ing)\u000a    )
\u000a    create table ingredient_val_nut (\u000a        ingredient_id_ing integer not null,\u000a        val_nut integer\u000a    )
\u000a    create table message (\u000a        auteur_id integer not null,\u000a        discussion_id integer not null,\u000a        id_msg integer generated by default as identity (start with 1),\u000a        content varchar(255),\u000a        primary key (id_msg)\u000a    )
\u000a    create table recette (\u000a        auteur_id integer not null,\u000a        id_rec integer generated by default as identity (start with 1),\u000a        nom varchar(255),\u000a        photo varchar(255),\u000a        primary key (id_rec)\u000a    )
\u000a    create table recette_categories (\u000a        recette_id_rec integer not null,\u000a        categories varchar(255)\u000a    )
\u000a    create table recette_etapes (\u000a        recette_id_rec integer not null,\u000a        etapes varchar(255)\u000a    )
\u000a    create table recette_ingredients (\u000a        ingredient_id integer not null,\u000a        recette_id integer not null\u000a    )
\u000a    alter table adherent_my_ingredients \u000a       add constraint FKo4g5l5sa4i0m5l9k8tbn459ti \u000a       foreign key (ingredient_id) \u000a       references ingredient
\u000a    alter table adherent_my_ingredients \u000a       add constraint FKspl0624yektdll6e5b7ece7fm \u000a       foreign key (adherent_id) \u000a       references adherent
\u000a    alter table adherent_shopping_list \u000a       add constraint FK71hxj2jou5b9kkf7tow26uqye \u000a       foreign key (ingredient_id) \u000a       references ingredient
\u000a    alter table adherent_shopping_list \u000a       add constraint FKrh39pw3kvgjbqi7bl7c7h6d0s \u000a       foreign key (adherent_id) \u000a       references adherent
\u000a    alter table comment \u000a       add constraint FK95ohk1jcu4hdprq2ylk3wvek0 \u000a       foreign key (auteur_id) \u000a       references adherent
\u000a    alter table comment \u000a       add constraint FKqd34j4uy105mc49dllp9q9pri \u000a       foreign key (recette_id) \u000a       references recette
\u000a    alter table discussion \u000a       add constraint FKqe1h9ds9ep26glgv679ca3nt1 \u000a       foreign key (auteur_id) \u000a       references adherent
\u000a    alter table event \u000a       add constraint FK6hrjv8j9865q3a61xsqais4fw \u000a       foreign key (auteur_id) \u000a       references adherent
\u000a    alter table event_participants \u000a       add constraint FKpyorefbcs2xksthci6ll8t6o5 \u000a       foreign key (adherent_id) \u000a       references adherent
\u000a    alter table event_participants \u000a       add constraint FK5232w1ta0icpkemgsxyw8a976 \u000a       foreign key (event_id) \u000a       references event
\u000a    alter table ingredient_val_nut \u000a       add constraint FK2vfnjhq5fmkbrvsheenom5gql \u000a       foreign key (ingredient_id_ing) \u000a       references ingredient
\u000a    alter table message \u000a       add constraint FKgxee5skgbyiubghdm7kl0uwcx \u000a       foreign key (auteur_id) \u000a       references adherent
\u000a    alter table message \u000a       add constraint FK3nr1t44itdoagqs1w2bo21ho7 \u000a       foreign key (discussion_id) \u000a       references discussion
\u000a    alter table recette \u000a       add constraint FKk7knhixq3ytr6d6qlhx0xu91j \u000a       foreign key (auteur_id) \u000a       references adherent
\u000a    alter table recette_categories \u000a       add constraint FKr1u637vqprjempxfg0wdggesl \u000a       foreign key (recette_id_rec) \u000a       references recette
\u000a    alter table recette_etapes \u000a       add constraint FK60lhnjbk43l4ci1901ps7de36 \u000a       foreign key (recette_id_rec) \u000a       references recette
\u000a    alter table recette_ingredients \u000a       add constraint FK7gixbmj2cueo0dp3ereafntbi \u000a       foreign key (ingredient_id) \u000a       references ingredient
\u000a    alter table recette_ingredients \u000a       add constraint FKgfbe0srm3jsa2ydgxiwrmq5wg \u000a       foreign key (recette_id) \u000a       references recette
\u000a    drop table if exists adherent cascade 
\u000a    drop table if exists adherent_my_ingredients cascade 
\u000a    drop table if exists adherent_shopping_list cascade 
\u000a    drop table if exists comment cascade 
\u000a    drop table if exists discussion cascade 
\u000a    drop table if exists event cascade 
\u000a    drop table if exists event_participants cascade 
\u000a    drop table if exists ingredient cascade 
\u000a    drop table if exists ingredient_val_nut cascade 
\u000a    drop table if exists message cascade 
\u000a    drop table if exists recette cascade 
\u000a    drop table if exists recette_categories cascade 
\u000a    drop table if exists recette_etapes cascade 
\u000a    drop table if exists recette_ingredients cascade 
DISCONNECT
/*C14*/SET SCHEMA PUBLIC
DISCONNECT
/*C15*/SET SCHEMA PUBLIC
DISCONNECT
/*C16*/SET SCHEMA PUBLIC
DISCONNECT
/*C17*/SET SCHEMA PUBLIC
DISCONNECT
/*C18*/SET SCHEMA PUBLIC
DISCONNECT
/*C19*/SET SCHEMA PUBLIC
DISCONNECT
/*C20*/SET SCHEMA PUBLIC
DISCONNECT
/*C21*/SET SCHEMA PUBLIC
DISCONNECT
/*C22*/SET SCHEMA PUBLIC
DISCONNECT
/*C23*/SET SCHEMA PUBLIC
\u000a    drop table if exists adherent cascade 
\u000a    drop table if exists adherent_my_ingredients cascade 
\u000a    drop table if exists adherent_shopping_list cascade 
\u000a    drop table if exists comment cascade 
\u000a    drop table if exists discussion cascade 
\u000a    drop table if exists event cascade 
\u000a    drop table if exists event_participants cascade 
\u000a    drop table if exists ingredient cascade 
\u000a    drop table if exists ingredient_val_nut cascade 
\u000a    drop table if exists message cascade 
\u000a    drop table if exists recette cascade 
\u000a    drop table if exists recette_categories cascade 
\u000a    drop table if exists recette_etapes cascade 
\u000a    drop table if exists recette_ingredients cascade 
\u000a    create table adherent (\u000a        id_adh integer generated by default as identity (start with 1),\u000a        email varchar(255),\u000a        nom varchar(255),\u000a        password varchar(255),\u000a        prenom varchar(255),\u000a        primary key (id_adh)\u000a    )
\u000a    create table adherent_my_ingredients (\u000a        adherent_id integer not null,\u000a        ingredient_id integer not null\u000a    )
\u000a    create table adherent_shopping_list (\u000a        adherent_id integer not null,\u000a        ingredient_id integer not null\u000a    )
\u000a    create table comment (\u000a        auteur_id integer not null,\u000a        id_com integer generated by default as identity (start with 1),\u000a        recette_id integer not null,\u000a        content varchar(255),\u000a        primary key (id_com)\u000a    )
\u000a    create table discussion (\u000a        auteur_id integer not null,\u000a        id_disc integer generated by default as identity (start with 1),\u000a        question varchar(255),\u000a        titre varchar(255),\u000a        primary key (id_disc)\u000a    )
\u000a    create table event (\u000a        auteur_id integer not null,\u000a        id integer generated by default as identity (start with 1),\u000a        date timestamp(6),\u000a        description varchar(255),\u000a        lieu varchar(255),\u000a        titre varchar(255),\u000a        primary key (id)\u000a    )
\u000a    create table event_participants (\u000a        adherent_id integer not null,\u000a        event_id integer not null\u000a    )
\u000a    create table ingredient (\u000a        calories integer not null,\u000a        id_ing integer generated by default as identity (start with 1),\u000a        nom varchar(255),\u000a        primary key (id_ing)\u000a    )
\u000a    create table ingredient_val_nut (\u000a        ingredient_id_ing integer not null,\u000a        val_nut integer\u000a    )
\u000a    create table message (\u000a        auteur_id integer not null,\u000a        discussion_id integer not null,\u000a        id_msg integer generated by default as identity (start with 1),\u000a        content varchar(255),\u000a        primary key (id_msg)\u000a    )
\u000a    create table recette (\u000a        auteur_id integer not null,\u000a        id_rec integer generated by default as identity (start with 1),\u000a        nom varchar(255),\u000a        photo varchar(255),\u000a        primary key (id_rec)\u000a    )
\u000a    create table recette_categories (\u000a        recette_id_rec integer not null,\u000a        categories varchar(255)\u000a    )
\u000a    create table recette_etapes (\u000a        recette_id_rec integer not null,\u000a        etapes varchar(255)\u000a    )
\u000a    create table recette_ingredients (\u000a        ingredient_id integer not null,\u000a        recette_id integer not null\u000a    )
\u000a    alter table adherent_my_ingredients \u000a       add constraint FKo4g5l5sa4i0m5l9k8tbn459ti \u000a       foreign key (ingredient_id) \u000a       references ingredient
\u000a    alter table adherent_my_ingredients \u000a       add constraint FKspl0624yektdll6e5b7ece7fm \u000a       foreign key (adherent_id) \u000a       references adherent
\u000a    alter table adherent_shopping_list \u000a       add constraint FK71hxj2jou5b9kkf7tow26uqye \u000a       foreign key (ingredient_id) \u000a       references ingredient
\u000a    alter table adherent_shopping_list \u000a       add constraint FKrh39pw3kvgjbqi7bl7c7h6d0s \u000a       foreign key (adherent_id) \u000a       references adherent
\u000a    alter table comment \u000a       add constraint FK95ohk1jcu4hdprq2ylk3wvek0 \u000a       foreign key (auteur_id) \u000a       references adherent
\u000a    alter table comment \u000a       add constraint FKqd34j4uy105mc49dllp9q9pri \u000a       foreign key (recette_id) \u000a       references recette
\u000a    alter table discussion \u000a       add constraint FKqe1h9ds9ep26glgv679ca3nt1 \u000a       foreign key (auteur_id) \u000a       references adherent
\u000a    alter table event \u000a       add constraint FK6hrjv8j9865q3a61xsqais4fw \u000a       foreign key (auteur_id) \u000a       references adherent
\u000a    alter table event_participants \u000a       add constraint FKpyorefbcs2xksthci6ll8t6o5 \u000a       foreign key (adherent_id) \u000a       references adherent
\u000a    alter table event_participants \u000a       add constraint FK5232w1ta0icpkemgsxyw8a976 \u000a       foreign key (event_id) \u000a       references event
\u000a    alter table ingredient_val_nut \u000a       add constraint FK2vfnjhq5fmkbrvsheenom5gql \u000a       foreign key (ingredient_id_ing) \u000a       references ingredient
\u000a    alter table message \u000a       add constraint FKgxee5skgbyiubghdm7kl0uwcx \u000a       foreign key (auteur_id) \u000a       references adherent
\u000a    alter table message \u000a       add constraint FK3nr1t44itdoagqs1w2bo21ho7 \u000a       foreign key (discussion_id) \u000a       references discussion
\u000a    alter table recette \u000a       add constraint FKk7knhixq3ytr6d6qlhx0xu91j \u000a       foreign key (auteur_id) \u000a       references adherent
\u000a    alter table recette_categories \u000a       add constraint FKr1u637vqprjempxfg0wdggesl \u000a       foreign key (recette_id_rec) \u000a       references recette
\u000a    alter table recette_etapes \u000a       add constraint FK60lhnjbk43l4ci1901ps7de36 \u000a       foreign key (recette_id_rec) \u000a       references recette
\u000a    alter table recette_ingredients \u000a       add constraint FK7gixbmj2cueo0dp3ereafntbi \u000a       foreign key (ingredient_id) \u000a       references ingredient
\u000a    alter table recette_ingredients \u000a       add constraint FKgfbe0srm3jsa2ydgxiwrmq5wg \u000a       foreign key (recette_id) \u000a       references recette
INSERT INTO ADHERENT VALUES(1,'john.doe@example.com','Atif','1234','Hamza')
COMMIT
INSERT INTO INGREDIENT VALUES(0,1,'Tomate')
COMMIT
INSERT INTO INGREDIENT VALUES(0,2,'Fromage')
COMMIT
INSERT INTO INGREDIENT VALUES(0,3,'P\u00e2te')
COMMIT
INSERT INTO RECETTE VALUES(1,1,'Pizza','pizza.jpg')
INSERT INTO RECETTE_ETAPES VALUES(1,'Pr\u00e9parer la p\u00e2te')
INSERT INTO RECETTE_ETAPES VALUES(1,'Ajouter les ingr\u00e9dients')
INSERT INTO RECETTE_ETAPES VALUES(1,'Cuire')
INSERT INTO RECETTE_INGREDIENTS VALUES(1,1)
INSERT INTO RECETTE_INGREDIENTS VALUES(2,1)
INSERT INTO RECETTE_INGREDIENTS VALUES(3,1)
COMMIT
INSERT INTO EVENT VALUES(1,1,'2025-05-01 00:00:00.000000','Conf\u00e9rence sur la technologie','Paris','Conf\u00e9rence')
INSERT INTO EVENT_PARTICIPANTS VALUES(1,1)
COMMIT
INSERT INTO ADHERENT VALUES(2,'john.doe@example.com','Chakhs','1234','Marieme')
COMMIT
INSERT INTO EVENT VALUES(2,2,'2025-05-01 00:00:00.000000','Conf\u00e9rence ','Paris','Meet')
INSERT INTO EVENT_PARTICIPANTS VALUES(2,2)
COMMIT
INSERT INTO INGREDIENT VALUES(0,4,'Viande')
COMMIT
INSERT INTO INGREDIENT VALUES(0,5,'l\u00e9gumes')
COMMIT
INSERT INTO RECETTE VALUES(2,2,'Tajine','pi.jpg')
INSERT INTO RECETTE_ETAPES VALUES(2,'Pr\u00e9parer la viande')
INSERT INTO RECETTE_ETAPES VALUES(2,'Ajouter les ingr\u00e9dients')
INSERT INTO RECETTE_ETAPES VALUES(2,'Cuire')
INSERT INTO RECETTE_INGREDIENTS VALUES(4,2)
INSERT INTO RECETTE_INGREDIENTS VALUES(5,2)
COMMIT
\u000a    drop table if exists adherent cascade 
\u000a    drop table if exists adherent_my_ingredients cascade 
\u000a    drop table if exists adherent_shopping_list cascade 
\u000a    drop table if exists comment cascade 
\u000a    drop table if exists discussion cascade 
\u000a    drop table if exists event cascade 
\u000a    drop table if exists event_participants cascade 
\u000a    drop table if exists ingredient cascade 
\u000a    drop table if exists ingredient_val_nut cascade 
\u000a    drop table if exists message cascade 
\u000a    drop table if exists recette cascade 
\u000a    drop table if exists recette_categories cascade 
\u000a    drop table if exists recette_etapes cascade 
\u000a    drop table if exists recette_ingredients cascade 
DISCONNECT
/*C24*/SET SCHEMA PUBLIC
DISCONNECT
/*C25*/SET SCHEMA PUBLIC
DISCONNECT
/*C26*/SET SCHEMA PUBLIC
DISCONNECT
/*C27*/SET SCHEMA PUBLIC
DISCONNECT
/*C28*/SET SCHEMA PUBLIC
DISCONNECT
/*C29*/SET SCHEMA PUBLIC
DISCONNECT
/*C30*/SET SCHEMA PUBLIC
DISCONNECT
/*C31*/SET SCHEMA PUBLIC
DISCONNECT
/*C32*/SET SCHEMA PUBLIC
DISCONNECT
/*C33*/SET SCHEMA PUBLIC
DISCONNECT
